Arguments: 
  /home/kenzy/.nvm/versions/node/v16.14.0/bin/node /home/kenzy/.nvm/versions/node/v16.14.0/bin/yarn

PATH: 
  /home/kenzy/.local/share/solana/install/active_release/bin:/home/kenzy/.nvm/versions/node/v16.14.0/bin:/home/kenzy/.cargo/bin:/usr/local/sbin:/usr/local/bin:/usr/sbin:/usr/bin:/sbin:/bin:/usr/games:/usr/local/games:/usr/lib/wsl/lib:/mnt/c/Python27/Scripts/:/mnt/c/Python27/:/mnt/c/Windows/system32:/mnt/c/Windows:/mnt/c/Windows/System32/Wbem:/mnt/c/Windows/System32/WindowsPowerShell/v1.0/:/mnt/c/Windows/System32/OpenSSH/:/mnt/c/Program Files (x86)/NVIDIA Corporation/PhysX/Common:/mnt/c/Program Files/NVIDIA Corporation/NVIDIA NvDLISR:/mnt/c/WINDOWS/system32:/mnt/c/WINDOWS:/mnt/c/WINDOWS/System32/Wbem:/mnt/c/WINDOWS/System32/WindowsPowerShell/v1.0/:/mnt/c/WINDOWS/System32/OpenSSH/:/mnt/d/Program Files/xampp/PostgreSQL/12/bin:/mnt/d/Program Files/Git/cmd:/mnt/d/Program Files/MongoDB/Server/4.4/bin:/mnt/d/Program Files/UnxUtils/bin/:/mnt/d/Program Files/UnxUtils/usr/local/wbin/:/mnt/d/Program Files/Redis:/mnt/d/Program Files/Amazon/AWSCLIV2/:/mnt/d/Program Files/Java/jdk1.8.0_281/bin:/mnt/d/Program Files/MongoDB/Tools/100/bin:/mnt/c/Program Files/Docker/Docker/resources/bin:/mnt/c/ProgramData/DockerDesktop/version-bin:/mnt/c/Users/kenzy/AppData/Local/Microsoft/WindowsApps:/mnt/c/Users/kenzy/AppData/Local/Programs/Microsoft VS Code/bin:/mnt/d/Program Files/heroku/bin:/mnt/c/Users/kenzy/AppData/Roaming/Composer/vendor/bin:/mnt/d/Program Files/UnxUtils/bin/:/mnt/d/Program Files/UnxUtils/usr/local/wbin/:/snap/bin:/usr/local/go/bin:/home/kenzy/go/bin

Yarn version: 
  1.22.18

Node version: 
  16.14.0

Platform: 
  linux x64

Trace: 
  Error: getaddrinfo EAI_AGAIN registry.yarnpkg.com
      at GetAddrInfoReqWrap.onlookup [as oncomplete] (node:dns:71:26)

npm manifest: 
  {
      "dependencies": {
          "@project-serum/anchor": "^0.22.1"
      },
      "devDependencies": {
          "chai": "^4.3.4",
          "mocha": "^9.0.3",
          "ts-mocha": "^8.0.0",
          "@types/chai": "^4.3.0",
          "@types/mocha": "^9.0.0",
          "typescript": "^4.3.5"
      }
  }

yarn manifest: 
  No manifest

Lockfile: 
  No lockfile
